  MyForm.cpp
C:\Users\fastr\source\repos\Calculator\Calculator\MyForm.h(41,32): warning C4244: return: преобразование "double" в "float", возможна потеря данных
C:\Users\fastr\source\repos\Calculator\Calculator\MyForm.h(742,33): warning C4244: аргумент: преобразование "double" в "int", возможна потеря данных
C:\Users\fastr\source\repos\Calculator\Calculator\MyForm.h(742,59): warning C4244: аргумент: преобразование "double" в "int", возможна потеря данных
C:\Users\fastr\source\repos\Calculator\Calculator\MyForm.h(742,85): warning C4244: аргумент: преобразование "double" в "int", возможна потеря данных
C:\Users\fastr\source\repos\Calculator\Calculator\MyForm.h(742,111): warning C4244: аргумент: преобразование "double" в "int", возможна потеря данных
C:\Users\fastr\source\repos\Calculator\Calculator\MyForm.h(742,137): warning C4244: аргумент: преобразование "double" в "int", возможна потеря данных
C:\Users\fastr\source\repos\Calculator\Calculator\MyForm.h(742,163): warning C4244: аргумент: преобразование "double" в "int", возможна потеря данных
C:\Users\fastr\source\repos\Calculator\Calculator\MyForm.h(742,189): warning C4244: аргумент: преобразование "double" в "int", возможна потеря данных
C:\Users\fastr\source\repos\Calculator\Calculator\MyForm.h(742,215): warning C4244: аргумент: преобразование "double" в "int", возможна потеря данных
C:\Users\fastr\source\repos\Calculator\Calculator\MyForm.h(742,241): warning C4244: аргумент: преобразование "double" в "int", возможна потеря данных
C:\Users\fastr\source\repos\Calculator\Calculator\MyForm.h(742,277): warning C4244: аргумент: преобразование "double" в "int", возможна потеря данных
C:\Users\fastr\source\repos\Calculator\Calculator\MyForm.h(742,303): warning C4244: аргумент: преобразование "double" в "int", возможна потеря данных
C:\Users\fastr\source\repos\Calculator\Calculator\MyForm.h(742,329): warning C4244: аргумент: преобразование "double" в "int", возможна потеря данных
C:\Users\fastr\source\repos\Calculator\Calculator\MyForm.h(742,355): warning C4244: аргумент: преобразование "double" в "int", возможна потеря данных
C:\Users\fastr\source\repos\Calculator\Calculator\MyForm.h(742,381): warning C4244: аргумент: преобразование "double" в "int", возможна потеря данных
C:\Users\fastr\source\repos\Calculator\Calculator\MyForm.h(742,407): warning C4244: аргумент: преобразование "double" в "int", возможна потеря данных
C:\Users\fastr\source\repos\Calculator\Calculator\MyForm.h(742,433): warning C4244: аргумент: преобразование "double" в "int", возможна потеря данных
C:\Users\fastr\source\repos\Calculator\Calculator\MyForm.h(742,459): warning C4244: аргумент: преобразование "double" в "int", возможна потеря данных
C:\Users\fastr\source\repos\Calculator\Calculator\MyForm.h(742,485): warning C4244: аргумент: преобразование "double" в "int", возможна потеря данных
C:\Users\fastr\source\repos\Calculator\Calculator\MyForm.h(1050,68): warning C4244: =: преобразование "double" в "int", возможна потеря данных
C:\Users\fastr\source\repos\Calculator\Calculator\MyForm.h(1053,18): warning C4244: =: преобразование "double" в "int", возможна потеря данных
C:\Users\fastr\source\repos\Calculator\Calculator\MyForm.h(1280,27): warning C4244: =: преобразование "double" в "int", возможна потеря данных
C:\Users\fastr\source\repos\Calculator\Calculator\MyForm.h(1295,60): warning C4244: аргумент: преобразование "double" в "int", возможна потеря данных
C:\Users\fastr\source\repos\Calculator\Calculator\MyForm.h(1295,86): warning C4244: аргумент: преобразование "double" в "int", возможна потеря данных
C:\Users\fastr\source\repos\Calculator\Calculator\MyForm.h(1295,112): warning C4244: аргумент: преобразование "double" в "int", возможна потеря данных
C:\Users\fastr\source\repos\Calculator\Calculator\MyForm.h(1295,138): warning C4244: аргумент: преобразование "double" в "int", возможна потеря данных
C:\Users\fastr\source\repos\Calculator\Calculator\MyForm.h(1295,164): warning C4244: аргумент: преобразование "double" в "int", возможна потеря данных
C:\Users\fastr\source\repos\Calculator\Calculator\MyForm.h(1295,190): warning C4244: аргумент: преобразование "double" в "int", возможна потеря данных
C:\Users\fastr\source\repos\Calculator\Calculator\MyForm.h(1295,216): warning C4244: аргумент: преобразование "double" в "int", возможна потеря данных
C:\Users\fastr\source\repos\Calculator\Calculator\MyForm.h(1295,242): warning C4244: аргумент: преобразование "double" в "int", возможна потеря данных
C:\Users\fastr\source\repos\Calculator\Calculator\MyForm.h(1295,268): warning C4244: аргумент: преобразование "double" в "int", возможна потеря данных
C:\Users\fastr\source\repos\Calculator\Calculator\MyForm.h(1295,329): warning C4244: аргумент: преобразование "double" в "int", возможна потеря данных
C:\Users\fastr\source\repos\Calculator\Calculator\MyForm.h(1295,355): warning C4244: аргумент: преобразование "double" в "int", возможна потеря данных
C:\Users\fastr\source\repos\Calculator\Calculator\MyForm.h(1295,381): warning C4244: аргумент: преобразование "double" в "int", возможна потеря данных
C:\Users\fastr\source\repos\Calculator\Calculator\MyForm.h(1295,407): warning C4244: аргумент: преобразование "double" в "int", возможна потеря данных
C:\Users\fastr\source\repos\Calculator\Calculator\MyForm.h(1295,433): warning C4244: аргумент: преобразование "double" в "int", возможна потеря данных
C:\Users\fastr\source\repos\Calculator\Calculator\MyForm.h(1295,459): warning C4244: аргумент: преобразование "double" в "int", возможна потеря данных
C:\Users\fastr\source\repos\Calculator\Calculator\MyForm.h(1295,485): warning C4244: аргумент: преобразование "double" в "int", возможна потеря данных
C:\Users\fastr\source\repos\Calculator\Calculator\MyForm.h(1295,511): warning C4244: аргумент: преобразование "double" в "int", возможна потеря данных
C:\Users\fastr\source\repos\Calculator\Calculator\MyForm.h(1295,537): warning C4244: аргумент: преобразование "double" в "int", возможна потеря данных
C:\Users\fastr\source\repos\Calculator\Calculator\MyForm.h(1308,42): warning C4244: аргумент: преобразование "double" в "int", возможна потеря данных
C:\Users\fastr\source\repos\Calculator\Calculator\MyForm.h(1308,68): warning C4244: аргумент: преобразование "double" в "int", возможна потеря данных
C:\Users\fastr\source\repos\Calculator\Calculator\MyForm.h(1308,94): warning C4244: аргумент: преобразование "double" в "int", возможна потеря данных
C:\Users\fastr\source\repos\Calculator\Calculator\MyForm.h(1308,120): warning C4244: аргумент: преобразование "double" в "int", возможна потеря данных
C:\Users\fastr\source\repos\Calculator\Calculator\MyForm.h(1308,146): warning C4244: аргумент: преобразование "double" в "int", возможна потеря данных
C:\Users\fastr\source\repos\Calculator\Calculator\MyForm.h(1308,172): warning C4244: аргумент: преобразование "double" в "int", возможна потеря данных
C:\Users\fastr\source\repos\Calculator\Calculator\MyForm.h(1308,198): warning C4244: аргумент: преобразование "double" в "int", возможна потеря данных
C:\Users\fastr\source\repos\Calculator\Calculator\MyForm.h(1308,224): warning C4244: аргумент: преобразование "double" в "int", возможна потеря данных
C:\Users\fastr\source\repos\Calculator\Calculator\MyForm.h(1308,250): warning C4244: аргумент: преобразование "double" в "int", возможна потеря данных
C:\Users\fastr\source\repos\Calculator\Calculator\MyForm.h(1308,293): warning C4244: аргумент: преобразование "double" в "int", возможна потеря данных
C:\Users\fastr\source\repos\Calculator\Calculator\MyForm.h(1308,319): warning C4244: аргумент: преобразование "double" в "int", возможна потеря данных
C:\Users\fastr\source\repos\Calculator\Calculator\MyForm.h(1308,345): warning C4244: аргумент: преобразование "double" в "int", возможна потеря данных
C:\Users\fastr\source\repos\Calculator\Calculator\MyForm.h(1308,371): warning C4244: аргумент: преобразование "double" в "int", возможна потеря данных
C:\Users\fastr\source\repos\Calculator\Calculator\MyForm.h(1308,397): warning C4244: аргумент: преобразование "double" в "int", возможна потеря данных
C:\Users\fastr\source\repos\Calculator\Calculator\MyForm.h(1308,423): warning C4244: аргумент: преобразование "double" в "int", возможна потеря данных
C:\Users\fastr\source\repos\Calculator\Calculator\MyForm.h(1308,449): warning C4244: аргумент: преобразование "double" в "int", возможна потеря данных
C:\Users\fastr\source\repos\Calculator\Calculator\MyForm.h(1308,475): warning C4244: аргумент: преобразование "double" в "int", возможна потеря данных
C:\Users\fastr\source\repos\Calculator\Calculator\MyForm.h(1308,501): warning C4244: аргумент: преобразование "double" в "int", возможна потеря данных
C:\Users\fastr\source\repos\Calculator\Calculator\MyForm.cpp(7,1): warning C4829: Возможно, неправильные параметры функции main. Рекомендуемый вариант - "int main(Platform::Array<Platform::String^>^ argv)"
C:\Users\fastr\source\repos\Calculator\Calculator\MyForm.h(60): warning C4715: Calculator::todouble: значение возвращается не при всех путях выполнения
  MyForm.obj : обнаружен модуль MSIL; для MSIL последовательная компоновка отключена; выполняется полная компоновка
  Calculator.vcxproj -> C:\Users\fastr\source\repos\Calculator\Debug\Calculator.exe
